error[E0106]: missing lifetime specifier
  --> $DIR/multiple-ref-self-async.rs:24:74
   |
LL |     async fn wrap_ref_Self_ref_Self(self: Wrap<&Self, &Self>, f: &u8) -> &u8 {
   |                                                                          ^
   |
   = note: return-position elided lifetimes require exactly one input-position elided lifetime, found multiple.

error[E0106]: missing lifetime specifier
  --> $DIR/multiple-ref-self-async.rs:30:84
   |
LL |     async fn box_wrap_ref_Self_ref_Self(self: Box<Wrap<&Self, &Self>>, f: &u32) -> &u32 {
   |                                                                                    ^
   |
   = note: return-position elided lifetimes require exactly one input-position elided lifetime, found multiple.

error[E0106]: missing lifetime specifier
  --> $DIR/multiple-ref-self-async.rs:36:84
   |
LL |     async fn pin_wrap_ref_Self_ref_Self(self: Pin<Wrap<&Self, &Self>>, f: &u32) -> &u32 {
   |                                                                                    ^
   |
   = note: return-position elided lifetimes require exactly one input-position elided lifetime, found multiple.

error[E0106]: missing lifetime specifier
  --> $DIR/multiple-ref-self-async.rs:42:93
   |
LL |     async fn box_box_wrap_ref_Self_ref_Self(self: Box<Box<Wrap<&Self, &Self>>>, f: &u32) -> &u32 {
   |                                                                                             ^
   |
   = note: return-position elided lifetimes require exactly one input-position elided lifetime, found multiple.

error[E0106]: missing lifetime specifier
  --> $DIR/multiple-ref-self-async.rs:48:93
   |
LL |     async fn box_pin_wrap_ref_Self_ref_Self(self: Box<Pin<Wrap<&Self, &Self>>>, f: &u32) -> &u32 {
   |                                                                                             ^
   |
   = note: return-position elided lifetimes require exactly one input-position elided lifetime, found multiple.

error: aborting due to 5 previous errors

For more information about this error, try `rustc --explain E0106`.
