error[E0425]: cannot find function `bar` in this scope
  --> $DIR/suggest-self-2.rs:5:9
   |
LL |         bar(self);
   |         ^^^ help: try calling method instead of passing `self` as parameter: `self.bar`

error[E0425]: cannot find function `bar` in this scope
  --> $DIR/suggest-self-2.rs:10:9
   |
LL |         bar(&self);
   |         ^^^ help: try calling method instead of passing `self` as parameter: `self.bar`

error[E0425]: cannot find function `bar` in this scope
  --> $DIR/suggest-self-2.rs:14:9
   |
LL |         bar();
   |         ^^^ not found in this scope

error[E0599]: no method named `bar` found for type `&Foo` in the current scope
  --> $DIR/suggest-self-2.rs:17:14
   |
LL |         self.bar();
   |              ^^^ method not found in `&Foo`

error: aborting due to 4 previous errors

Some errors have detailed explanations: E0425, E0599.
For more information about an error, try `rustc --explain E0425`.
