error[E0277]: the trait bound `NotClone: std::clone::Clone` is not satisfied
  --> $DIR/defaults-suitability.rs:13:5
   |
LL |     type Ty: Clone = NotClone;
   |     ^^^^^^^^^-----^^^^^^^^^^^^
   |     |        |
   |     |        required by this bound in `Tr::Ty`
   |     the trait `std::clone::Clone` is not implemented for `NotClone`

error[E0277]: the trait bound `NotClone: std::clone::Clone` is not satisfied
  --> $DIR/defaults-suitability.rs:19:5
   |
LL | trait Tr2 where Self::Ty: Clone {
   |                           ----- required by this bound in `Tr2::Ty`
LL |     type Ty = NotClone;
   |     ^^^^^--^^^^^^^^^^^^
   |     |    |
   |     |    required by a bound in this
   |     the trait `std::clone::Clone` is not implemented for `NotClone`

error[E0277]: the trait bound `T: std::clone::Clone` is not satisfied
  --> $DIR/defaults-suitability.rs:25:5
   |
LL |     type Bar: Clone = Vec<T>;
   |     ^^^^^^^^^^-----^^^^^^^^^^
   |     |         |
   |     |         required by this bound in `Foo::Bar`
   |     the trait `std::clone::Clone` is not implemented for `T`
   |
   = note: required because of the requirements on the impl of `Clone` for `Vec<T>`
help: consider restricting type parameter `T`
   |
LL | trait Foo<T: Clone> {
   |            ^^^^^^^

error[E0277]: the trait bound `(): Foo<Self>` is not satisfied
  --> $DIR/defaults-suitability.rs:31:5
   |
LL |     type Assoc: Foo<Self> = ();
   |     ^^^^^^^^^^^^---------^^^^^^
   |     |           |
   |     |           required by this bound in `Bar::Assoc`
   |     the trait `Foo<Self>` is not implemented for `()`

error[E0277]: the trait bound `u8: IsU8<<Self as C>::Assoc>` is not satisfied
  --> $DIR/defaults-suitability.rs:44:5
   |
LL |     Self::Assoc: IsU8<Self::Assoc>,
   |                  ----------------- required by this bound in `C::Assoc`
...
LL |     type Assoc = u8;
   |     ^^^^^-----^^^^^^
   |     |    |
   |     |    required by a bound in this
   |     the trait `IsU8<<Self as C>::Assoc>` is not implemented for `u8`

error[E0277]: the trait bound `NotClone: IsU8<<Self as D>::Assoc>` is not satisfied
  --> $DIR/defaults-suitability.rs:54:5
   |
LL |     Self::Assoc: IsU8<Self::Assoc>,
   |                  ----------------- required by this bound in `D::Assoc`
...
LL |     type Assoc = NotClone;
   |     ^^^^^-----^^^^^^^^^^^^
   |     |    |
   |     |    required by a bound in this
   |     the trait `IsU8<<Self as D>::Assoc>` is not implemented for `NotClone`

error[E0277]: the trait bound `<Self as Foo2<T>>::Baz: std::clone::Clone` is not satisfied
  --> $DIR/defaults-suitability.rs:63:5
   |
LL |     type Bar: Clone = Vec<Self::Baz>;
   |     ^^^^^^^^^^-----^^^^^^^^^^^^^^^^^^
   |     |         |
   |     |         required by this bound in `Foo2::Bar`
   |     the trait `std::clone::Clone` is not implemented for `<Self as Foo2<T>>::Baz`
   |
   = note: required because of the requirements on the impl of `Clone` for `Vec<<Self as Foo2<T>>::Baz>`
help: consider further restricting the associated type
   |
LL | trait Foo2<T> where <Self as Foo2<T>>::Baz: Clone {
   |               ^^^^^^^^^^^^^^^^^^^^^^^^^^^^^^^^^^^

error[E0277]: the trait bound `<Self as Foo25<T>>::Baz: std::clone::Clone` is not satisfied
  --> $DIR/defaults-suitability.rs:72:5
   |
LL |     type Bar: Clone = Vec<Self::Baz>;
   |     ^^^^^^^^^^-----^^^^^^^^^^^^^^^^^^
   |     |         |
   |     |         required by this bound in `Foo25::Bar`
   |     the trait `std::clone::Clone` is not implemented for `<Self as Foo25<T>>::Baz`
   |
   = note: required because of the requirements on the impl of `Clone` for `Vec<<Self as Foo25<T>>::Baz>`
help: consider further restricting the associated type
   |
LL | trait Foo25<T: Clone> where <Self as Foo25<T>>::Baz: Clone {
   |                       ^^^^^^^^^^^^^^^^^^^^^^^^^^^^^^^^^^^^

error[E0277]: the trait bound `T: std::clone::Clone` is not satisfied
  --> $DIR/defaults-suitability.rs:84:5
   |
LL |     Self::Baz: Clone,
   |                ----- required by this bound in `Foo3::Baz`
...
LL |     type Baz = T;
   |     ^^^^^---^^^^^
   |     |    |
   |     |    required by a bound in this
   |     the trait `std::clone::Clone` is not implemented for `T`
   |
help: consider further restricting type parameter `T`
   |
LL |     Self::Baz: Clone, T: Clone
   |                     ^^^^^^^^^^

error: aborting due to 9 previous errors

For more information about this error, try `rustc --explain E0277`.
